<?xml version="1.0" encoding="UTF-8"?>
<!-- Generated by org.testng.reporters.JUnitReportReporter -->
<testsuite skipped="0" hostname="DESKTOP-VJ2KIB9" name="p1.NewTest" tests="1" failures="0" timestamp="30 Apr 2017 13:50:23 GMT" time="0.109" errors="0">
  <testcase name="f" time="0.109" classname="p1.NewTest"/>
</testsuite> <!-- p1.NewTest -->
