<?xml version="1.0" encoding="UTF-8"?>
<!-- Generated by org.testng.reporters.JUnitReportReporter -->
<testsuite skipped="0" hostname="DESKTOP-VJ2KIB9" name="p1.TestCases" tests="2" failures="0" timestamp="30 Apr 2017 17:43:52 GMT" time="80.662" errors="0">
  <testcase name="wrongCredentials" time="31.283" classname="p1.TestCases"/>
  <testcase name="correctCredentials" time="49.379" classname="p1.TestCases"/>
</testsuite> <!-- p1.TestCases -->
